# JRE version: Java(TM) SE Runtime Environment (20.0.1+9) (build 20.0.1+9-29)
# Java VM: Java HotSpot(TM) 64-Bit Server VM (20.0.1+9-29, mixed mode, sharing, tiered, compressed oops, compressed class ptrs, g1 gc, windows-amd64)
GC Precious Log:
 CardTable entry size: 512
 Card Set container configuration: InlinePtr #cards 5 size 8 Array Of Cards #cards 12 size 40 Howl #buckets 4 coarsen threshold 1843 Howl Bitmap #cards 512 size 80 coarsen threshold 460 Card regions per heap region 1 cards per card region 2048
 CPUs: 8 total, 8 available
 Memory: 7900M
 Large Page Support: Disabled
 NUMA Support: Disabled
 Compressed Oops: Enabled (32-bit)
 Heap Region Size: 1M
 Heap Min Capacity: 8M
 Heap Initial Capacity: 124M
 Heap Max Capacity: 1976M
 Pre-touch: Disabled
 Parallel Workers: 8
 Concurrent Workers: 2
 Concurrent Refinement Workers: 8
 Periodic GC: Disabled
Heap:
 garbage-first heap   total 334848K, used 243200K [0x0000000084800000, 0x0000000100000000)
  region size 1024K, 9 young (9216K), 9 survivors (9216K)
 Metaspace       used 14325K, committed 14592K, reserved 1114112K
  class space    used 1523K, committed 1664K, reserved 1048576K
GC Heap History (19 events):
Event: 0.391 GC heap before
{Heap before GC invocations=0 (full 0):
 garbage-first heap   total 126976K, used 22528K [0x0000000084800000, 0x0000000100000000)
  region size 1024K, 23 young (23552K), 0 survivors (0K)
 Metaspace       used 3839K, committed 4032K, reserved 1114112K
  class space    used 376K, committed 448K, reserved 1048576K
}
Event: 0.397 GC heap after
{Heap after GC invocations=1 (full 0):
 garbage-first heap   total 126976K, used 6912K [0x0000000084800000, 0x0000000100000000)
  region size 1024K, 3 young (3072K), 3 survivors (3072K)
 Metaspace       used 3839K, committed 4032K, reserved 1114112K
  class space    used 376K, committed 448K, reserved 1048576K
}
Event: 0.941 GC heap before
{Heap before GC invocations=1 (full 0):
 garbage-first heap   total 126976K, used 33536K [0x0000000084800000, 0x0000000100000000)
  region size 1024K, 29 young (29696K), 3 survivors (3072K)
 Metaspace       used 12570K, committed 12928K, reserved 1114112K
  class space    used 1376K, committed 1536K, reserved 1048576K
}
Event: 0.946 GC heap after
{Heap after GC invocations=2 (full 0):
 garbage-first heap   total 126976K, used 11884K [0x0000000084800000, 0x0000000100000000)
  region size 1024K, 4 young (4096K), 4 survivors (4096K)
 Metaspace       used 12570K, committed 12928K, reserved 1114112K
  class space    used 1376K, committed 1536K, reserved 1048576K
}
Event: 1.344 GC heap before
{Heap before GC invocations=2 (full 0):
 garbage-first heap   total 126976K, used 73324K [0x0000000084800000, 0x0000000100000000)
  region size 1024K, 64 young (65536K), 4 survivors (4096K)
 Metaspace       used 14237K, committed 14528K, reserved 1114112K
  class space    used 1519K, committed 1664K, reserved 1048576K
}
Event: 1.357 GC heap after
{Heap after GC invocations=3 (full 0):
 garbage-first heap   total 126976K, used 40188K [0x0000000084800000, 0x0000000100000000)
  region size 1024K, 8 young (8192K), 8 survivors (8192K)
 Metaspace       used 14237K, committed 14528K, reserved 1114112K
  class space    used 1519K, committed 1664K, reserved 1048576K
}
Event: 1.359 GC heap before
{Heap before GC invocations=3 (full 0):
 garbage-first heap   total 126976K, used 41212K [0x0000000084800000, 0x0000000100000000)
  region size 1024K, 9 young (9216K), 8 survivors (8192K)
 Metaspace       used 14238K, committed 14528K, reserved 1114112K
  class space    used 1519K, committed 1664K, reserved 1048576K
}
Event: 1.366 GC heap after
{Heap after GC invocations=4 (full 0):
 garbage-first heap   total 126976K, used 42829K [0x0000000084800000, 0x0000000100000000)
  region size 1024K, 1 young (1024K), 1 survivors (1024K)
 Metaspace       used 14238K, committed 14528K, reserved 1114112K
  class space    used 1519K, committed 1664K, reserved 1048576K
}
Event: 1.479 GC heap before
{Heap before GC invocations=4 (full 0):
 garbage-first heap   total 126976K, used 83789K [0x0000000084800000, 0x0000000100000000)
  region size 1024K, 41 young (41984K), 1 survivors (1024K)
 Metaspace       used 14250K, committed 14528K, reserved 1114112K
  class space    used 1520K, committed 1664K, reserved 1048576K
}
Event: 1.487 GC heap after
{Heap after GC invocations=5 (full 0):
 garbage-first heap   total 126976K, used 62218K [0x0000000084800000, 0x0000000100000000)
  region size 1024K, 6 young (6144K), 6 survivors (6144K)
 Metaspace       used 14250K, committed 14528K, reserved 1114112K
  class space    used 1520K, committed 1664K, reserved 1048576K
}
Event: 1.550 GC heap before
{Heap before GC invocations=5 (full 0):
 garbage-first heap   total 126976K, used 93962K [0x0000000084800000, 0x0000000100000000)
  region size 1024K, 37 young (37888K), 6 survivors (6144K)
 Metaspace       used 14274K, committed 14592K, reserved 1114112K
  class space    used 1520K, committed 1664K, reserved 1048576K
}
Event: 1.557 GC heap after
{Heap after GC invocations=6 (full 0):
 garbage-first heap   total 334848K, used 78650K [0x0000000084800000, 0x0000000100000000)
  region size 1024K, 5 young (5120K), 5 survivors (5120K)
 Metaspace       used 14274K, committed 14592K, reserved 1114112K
  class space    used 1520K, committed 1664K, reserved 1048576K
}
Event: 1.854 GC heap before
{Heap before GC invocations=6 (full 0):
 garbage-first heap   total 334848K, used 206650K [0x0000000084800000, 0x0000000100000000)
  region size 1024K, 130 young (133120K), 5 survivors (5120K)
 Metaspace       used 14292K, committed 14592K, reserved 1114112K
  class space    used 1523K, committed 1664K, reserved 1048576K
}
Event: 1.878 GC heap after
{Heap after GC invocations=7 (full 0):
 garbage-first heap   total 334848K, used 141312K [0x0000000084800000, 0x0000000100000000)
  region size 1024K, 17 young (17408K), 17 survivors (17408K)
 Metaspace       used 14292K, committed 14592K, reserved 1114112K
  class space    used 1523K, committed 1664K, reserved 1048576K
}
Event: 2.033 GC heap before
{Heap before GC invocations=7 (full 0):
 garbage-first heap   total 334848K, used 223232K [0x0000000084800000, 0x0000000100000000)
  region size 1024K, 97 young (99328K), 17 survivors (17408K)
 Metaspace       used 14303K, committed 14592K, reserved 1114112K
  class space    used 1523K, committed 1664K, reserved 1048576K
}
Event: 2.053 GC heap after
{Heap after GC invocations=8 (full 0):
 garbage-first heap   total 334848K, used 181248K [0x0000000084800000, 0x0000000100000000)
  region size 1024K, 13 young (13312K), 13 survivors (13312K)
 Metaspace       used 14303K, committed 14592K, reserved 1114112K
  class space    used 1523K, committed 1664K, reserved 1048576K
}
Event: 2.159 GC heap before
{Heap before GC invocations=8 (full 0):
 garbage-first heap   total 334848K, used 250880K [0x0000000084800000, 0x0000000100000000)
  region size 1024K, 81 young (82944K), 13 survivors (13312K)
 Metaspace       used 14312K, committed 14592K, reserved 1114112K
  class space    used 1523K, committed 1664K, reserved 1048576K
}
Event: 2.179 GC heap after
{Heap after GC invocations=9 (full 0):
 garbage-first heap   total 334848K, used 215040K [0x0000000084800000, 0x0000000100000000)
  region size 1024K, 11 young (11264K), 11 survivors (11264K)
 Metaspace       used 14312K, committed 14592K, reserved 1114112K
  class space    used 1523K, committed 1664K, reserved 1048576K
}
Event: 2.278 GC heap before
{Heap before GC invocations=9 (full 0):
 garbage-first heap   total 334848K, used 271360K [0x0000000084800000, 0x0000000100000000)
  region size 1024K, 66 young (67584K), 11 survivors (11264K)
 Metaspace       used 14325K, committed 14592K, reserved 1114112K
  class space    used 1523K, committed 1664K, reserved 1048576K
}

