# JRE version: Java(TM) SE Runtime Environment (20.0.1+9) (build 20.0.1+9-29)
# Java VM: Java HotSpot(TM) 64-Bit Server VM (20.0.1+9-29, mixed mode, sharing, tiered, compressed oops, compressed class ptrs, g1 gc, windows-amd64)
GC Precious Log:
 CardTable entry size: 512
 Card Set container configuration: InlinePtr #cards 5 size 8 Array Of Cards #cards 12 size 40 Howl #buckets 4 coarsen threshold 1843 Howl Bitmap #cards 512 size 80 coarsen threshold 460 Card regions per heap region 1 cards per card region 2048
 CPUs: 8 total, 8 available
 Memory: 7900M
 Large Page Support: Disabled
 NUMA Support: Disabled
 Compressed Oops: Enabled (32-bit)
 Heap Region Size: 1M
 Heap Min Capacity: 8M
 Heap Initial Capacity: 124M
 Heap Max Capacity: 1976M
 Pre-touch: Disabled
 Parallel Workers: 8
 Concurrent Workers: 2
 Concurrent Refinement Workers: 8
 Periodic GC: Disabled
Heap:
 garbage-first heap   total 378880K, used 20678K [0x0000000084800000, 0x0000000100000000)
  region size 1024K, 4 young (4096K), 4 survivors (4096K)
 Metaspace       used 10468K, committed 10688K, reserved 1114112K
  class space    used 1155K, committed 1280K, reserved 1048576K
GC Heap History (20 events):
Event: 0.946 GC heap after
{Heap after GC invocations=4 (full 0):
 garbage-first heap   total 126976K, used 16359K [0x0000000084800000, 0x0000000100000000)
  region size 1024K, 4 young (4096K), 4 survivors (4096K)
 Metaspace       used 10468K, committed 10688K, reserved 1114112K
  class space    used 1155K, committed 1280K, reserved 1048576K
}
Event: 0.956 GC heap before
{Heap before GC invocations=4 (full 0):
 garbage-first heap   total 126976K, used 85991K [0x0000000084800000, 0x0000000100000000)
  region size 1024K, 31 young (31744K), 4 survivors (4096K)
 Metaspace       used 10468K, committed 10688K, reserved 1114112K
  class space    used 1155K, committed 1280K, reserved 1048576K
}
Event: 0.957 GC heap after
{Heap after GC invocations=5 (full 0):
 garbage-first heap   total 126976K, used 16489K [0x0000000084800000, 0x0000000100000000)
  region size 1024K, 4 young (4096K), 4 survivors (4096K)
 Metaspace       used 10468K, committed 10688K, reserved 1114112K
  class space    used 1155K, committed 1280K, reserved 1048576K
}
Event: 0.960 GC heap before
{Heap before GC invocations=5 (full 0):
 garbage-first heap   total 126976K, used 59497K [0x0000000084800000, 0x0000000100000000)
  region size 1024K, 5 young (5120K), 4 survivors (4096K)
 Metaspace       used 10468K, committed 10688K, reserved 1114112K
  class space    used 1155K, committed 1280K, reserved 1048576K
}
Event: 0.961 GC heap after
{Heap after GC invocations=6 (full 0):
 garbage-first heap   total 189440K, used 16582K [0x0000000084800000, 0x0000000100000000)
  region size 1024K, 4 young (4096K), 4 survivors (4096K)
 Metaspace       used 10468K, committed 10688K, reserved 1114112K
  class space    used 1155K, committed 1280K, reserved 1048576K
}
Event: 0.967 GC heap before
{Heap before GC invocations=6 (full 0):
 garbage-first heap   total 189440K, used 87238K [0x0000000084800000, 0x0000000100000000)
  region size 1024K, 5 young (5120K), 4 survivors (4096K)
 Metaspace       used 10468K, committed 10688K, reserved 1114112K
  class space    used 1155K, committed 1280K, reserved 1048576K
}
Event: 0.968 GC heap after
{Heap after GC invocations=7 (full 0):
 garbage-first heap   total 189440K, used 16462K [0x0000000084800000, 0x0000000100000000)
  region size 1024K, 3 young (3072K), 3 survivors (3072K)
 Metaspace       used 10468K, committed 10688K, reserved 1114112K
  class space    used 1155K, committed 1280K, reserved 1048576K
}
Event: 0.974 GC heap before
{Heap before GC invocations=7 (full 0):
 garbage-first heap   total 189440K, used 87118K [0x0000000084800000, 0x0000000100000000)
  region size 1024K, 4 young (4096K), 3 survivors (3072K)
 Metaspace       used 10468K, committed 10688K, reserved 1114112K
  class space    used 1155K, committed 1280K, reserved 1048576K
}
Event: 0.975 GC heap after
{Heap after GC invocations=8 (full 0):
 garbage-first heap   total 189440K, used 16419K [0x0000000084800000, 0x0000000100000000)
  region size 1024K, 3 young (3072K), 3 survivors (3072K)
 Metaspace       used 10468K, committed 10688K, reserved 1114112K
  class space    used 1155K, committed 1280K, reserved 1048576K
}
Event: 1.000 GC heap before
{Heap before GC invocations=8 (full 0):
 garbage-first heap   total 189440K, used 159779K [0x0000000084800000, 0x0000000100000000)
  region size 1024K, 76 young (77824K), 3 survivors (3072K)
 Metaspace       used 10468K, committed 10688K, reserved 1114112K
  class space    used 1155K, committed 1280K, reserved 1048576K
}
Event: 1.000 GC heap after
{Heap after GC invocations=9 (full 0):
 garbage-first heap   total 189440K, used 17606K [0x0000000084800000, 0x0000000100000000)
  region size 1024K, 4 young (4096K), 4 survivors (4096K)
 Metaspace       used 10468K, committed 10688K, reserved 1114112K
  class space    used 1155K, committed 1280K, reserved 1048576K
}
Event: 1.005 GC heap before
{Heap before GC invocations=9 (full 0):
 garbage-first heap   total 189440K, used 87238K [0x0000000084800000, 0x0000000100000000)
  region size 1024K, 5 young (5120K), 4 survivors (4096K)
 Metaspace       used 10468K, committed 10688K, reserved 1114112K
  class space    used 1155K, committed 1280K, reserved 1048576K
}
Event: 1.006 GC heap after
{Heap after GC invocations=10 (full 0):
 garbage-first heap   total 378880K, used 17486K [0x0000000084800000, 0x0000000100000000)
  region size 1024K, 3 young (3072K), 3 survivors (3072K)
 Metaspace       used 10468K, committed 10688K, reserved 1114112K
  class space    used 1155K, committed 1280K, reserved 1048576K
}
Event: 1.041 GC heap before
{Heap before GC invocations=10 (full 0):
 garbage-first heap   total 378880K, used 244814K [0x0000000084800000, 0x0000000100000000)
  region size 1024K, 76 young (77824K), 3 survivors (3072K)
 Metaspace       used 10468K, committed 10688K, reserved 1114112K
  class space    used 1155K, committed 1280K, reserved 1048576K
}
Event: 1.043 GC heap after
{Heap after GC invocations=11 (full 0):
 garbage-first heap   total 378880K, used 18630K [0x0000000084800000, 0x0000000100000000)
  region size 1024K, 4 young (4096K), 4 survivors (4096K)
 Metaspace       used 10468K, committed 10688K, reserved 1114112K
  class space    used 1155K, committed 1280K, reserved 1048576K
}
Event: 1.052 GC heap before
{Heap before GC invocations=11 (full 0):
 garbage-first heap   total 378880K, used 172230K [0x0000000084800000, 0x0000000100000000)
  region size 1024K, 5 young (5120K), 4 survivors (4096K)
 Metaspace       used 10468K, committed 10688K, reserved 1114112K
  class space    used 1155K, committed 1280K, reserved 1048576K
}
Event: 1.053 GC heap after
{Heap after GC invocations=12 (full 0):
 garbage-first heap   total 378880K, used 18499K [0x0000000084800000, 0x0000000100000000)
  region size 1024K, 3 young (3072K), 3 survivors (3072K)
 Metaspace       used 10468K, committed 10688K, reserved 1114112K
  class space    used 1155K, committed 1280K, reserved 1048576K
}
Event: 1.067 GC heap before
{Heap before GC invocations=12 (full 0):
 garbage-first heap   total 378880K, used 244803K [0x0000000084800000, 0x0000000100000000)
  region size 1024K, 76 young (77824K), 3 survivors (3072K)
 Metaspace       used 10468K, committed 10688K, reserved 1114112K
  class space    used 1155K, committed 1280K, reserved 1048576K
}
Event: 1.069 GC heap after
{Heap after GC invocations=13 (full 0):
 garbage-first heap   total 378880K, used 19655K [0x0000000084800000, 0x0000000100000000)
  region size 1024K, 4 young (4096K), 4 survivors (4096K)
 Metaspace       used 10468K, committed 10688K, reserved 1114112K
  class space    used 1155K, committed 1280K, reserved 1048576K
}
Event: 1.083 GC heap before
{Heap before GC invocations=13 (full 0):
 garbage-first heap   total 378880K, used 244935K [0x0000000084800000, 0x0000000100000000)
  region size 1024K, 77 young (78848K), 4 survivors (4096K)
 Metaspace       used 10468K, committed 10688K, reserved 1114112K
  class space    used 1155K, committed 1280K, reserved 1048576K
}

